[debug] [2022-03-22T20:51:43.525Z] ----------------------------------------------------------------------
[debug] [2022-03-22T20:51:43.528Z] Command:       C:\Program Files\nodejs\node.exe C:\Users\HP\AppData\Roaming\npm\node_modules\firebase-tools\lib\bin\firebase.js emulators:start
[debug] [2022-03-22T20:51:43.529Z] CLI Version:   10.2.2
[debug] [2022-03-22T20:51:43.529Z] Platform:      win32
[debug] [2022-03-22T20:51:43.529Z] Node Version:  v16.13.1
[debug] [2022-03-22T20:51:43.531Z] Time:          Tue Mar 22 2022 21:51:43 GMT+0100 (West Africa Standard Time)
[debug] [2022-03-22T20:51:43.531Z] ----------------------------------------------------------------------
[debug] 
[debug] [2022-03-22T20:51:43.780Z] > command requires scopes: ["email","openid","https://www.googleapis.com/auth/cloudplatformprojects.readonly","https://www.googleapis.com/auth/firebase","https://www.googleapis.com/auth/cloud-platform"]
[debug] [2022-03-22T20:51:43.781Z] > authorizing via signed-in user (oniademola001@gmail.com)
[info] i  emulators: Starting emulators: functions, hosting {"metadata":{"emulator":{"name":"hub"},"message":"Starting emulators: functions, hosting"}}
[debug] [2022-03-22T20:51:43.888Z] [hub] writing locator at C:\Users\HP\AppData\Local\Temp\hub-clone-97111.json
[warn] !  functions: The following emulators are not running, calls to these services from the Functions emulator will affect production: auth, firestore, database, pubsub, storage {"metadata":{"emulator":{"name":"functions"},"message":"The following emulators are not running, calls to these services from the Functions emulator will affect production: \u001b[1mauth, firestore, database, pubsub, storage\u001b[22m"}}
[info] +  functions: Using node@16 from host. {"metadata":{"emulator":{"name":"functions"},"message":"Using node@16 from host."}}
[debug] [2022-03-22T20:51:43.929Z] defaultcredentials: writing to file C:\Users\HP\AppData\Roaming\firebase\oniademola001_gmail_com_application_default_credentials.json
[debug] [2022-03-22T20:51:43.932Z] Setting GAC to C:\Users\HP\AppData\Roaming\firebase\oniademola001_gmail_com_application_default_credentials.json {"metadata":{"emulator":{"name":"functions"},"message":"Setting GAC to C:\\Users\\HP\\AppData\\Roaming\\firebase\\oniademola001_gmail_com_application_default_credentials.json"}}
[debug] [2022-03-22T20:51:43.942Z] >>> [apiv2][query] GET https://firebase.googleapis.com/v1beta1/projects/clone-97111/adminSdkConfig [none]
[debug] [2022-03-22T20:51:44.556Z] <<< [apiv2][status] GET https://firebase.googleapis.com/v1beta1/projects/clone-97111/adminSdkConfig 200
[debug] [2022-03-22T20:51:44.558Z] <<< [apiv2][body] GET https://firebase.googleapis.com/v1beta1/projects/clone-97111/adminSdkConfig {"projectId":"clone-97111","storageBucket":"clone-97111.appspot.com"}
[debug] [2022-03-22T20:51:44.611Z] >>> [apiv2][query] GET https://firebasehosting.googleapis.com/v1beta1/projects/clone-97111/sites 
[debug] [2022-03-22T20:51:46.367Z] <<< [apiv2][status] GET https://firebasehosting.googleapis.com/v1beta1/projects/clone-97111/sites 200
[debug] [2022-03-22T20:51:46.368Z] <<< [apiv2][body] GET https://firebasehosting.googleapis.com/v1beta1/projects/clone-97111/sites {"sites":[{"name":"projects/630251994897/sites/clone-97111","defaultUrl":"https://clone-97111.web.app","appId":"1:630251994897:web:fb8a7a2ca355ed1bf016b0","type":"DEFAULT_SITE"}]}
[debug] [2022-03-22T20:51:46.369Z] >>> [apiv2][query] GET https://firebase.googleapis.com/v1beta1/projects/clone-97111/webApps/1:630251994897:web:fb8a7a2ca355ed1bf016b0/config [none]
[debug] [2022-03-22T20:51:47.498Z] <<< [apiv2][status] GET https://firebase.googleapis.com/v1beta1/projects/clone-97111/webApps/1:630251994897:web:fb8a7a2ca355ed1bf016b0/config 200
[debug] [2022-03-22T20:51:47.499Z] <<< [apiv2][body] GET https://firebase.googleapis.com/v1beta1/projects/clone-97111/webApps/1:630251994897:web:fb8a7a2ca355ed1bf016b0/config {"projectId":"clone-97111","appId":"1:630251994897:web:fb8a7a2ca355ed1bf016b0","storageBucket":"clone-97111.appspot.com","apiKey":"AIzaSyCmDVjYBV4AoUg6vP0-OmztlVFE9-PEXx0","authDomain":"clone-97111.firebaseapp.com","messagingSenderId":"630251994897","measurementId":"G-Q10HDZ32L0"}
[info] i  hosting: Serving hosting files from: build {"metadata":{"emulator":{"name":"hosting"},"message":"Serving hosting files from: \u001b[1mbuild\u001b[22m"}}
[info] +  hosting: Local server: http://localhost:5000 {"metadata":{"emulator":{"name":"hosting"},"message":"Local server: \u001b[4m\u001b[1mhttp://localhost:5000\u001b[22m\u001b[24m"}}
[warn] !  ui: Emulator UI unable to start on port 4000, starting on 4002 instead. {"metadata":{"emulator":{"name":"ui"},"message":"Emulator UI unable to start on port 4000, starting on 4002 instead."}}
[debug] [2022-03-22T20:51:47.665Z] Ignoring unsupported arg: auto_download {"metadata":{"emulator":{"name":"ui"},"message":"Ignoring unsupported arg: auto_download"}}
[debug] [2022-03-22T20:51:47.665Z] Ignoring unsupported arg: port {"metadata":{"emulator":{"name":"ui"},"message":"Ignoring unsupported arg: port"}}
[debug] [2022-03-22T20:51:47.665Z] Starting Emulator UI with command {"binary":"node","args":["C:\\Users\\HP\\.cache\\firebase\\emulators\\ui-v1.6.5\\server.bundle.js"],"optionalArgs":[],"joinArgs":false} {"metadata":{"emulator":{"name":"ui"},"message":"Starting Emulator UI with command {\"binary\":\"node\",\"args\":[\"C:\\\\Users\\\\HP\\\\.cache\\\\firebase\\\\emulators\\\\ui-v1.6.5\\\\server.bundle.js\"],\"optionalArgs\":[],\"joinArgs\":false}"}}
[info] i  ui: Emulator UI logging to ui-debug.log {"metadata":{"emulator":{"name":"ui"},"message":"Emulator UI logging to \u001b[1mui-debug.log\u001b[22m"}}
[debug] [2022-03-22T20:51:47.899Z] Web / API server started at localhost:4002
 {"metadata":{"emulator":{"name":"ui"},"message":"Web / API server started at localhost:4002\n"}}
[info] i  functions: Watching "C:\Users\HP\Desktop\REACT PROJECT\amazon_clone\amazon-clone\functions" for Cloud Functions... {"metadata":{"emulator":{"name":"functions"},"message":"Watching \"C:\\Users\\HP\\Desktop\\REACT PROJECT\\amazon_clone\\amazon-clone\\functions\" for Cloud Functions..."}}
[debug] [2022-03-22T20:51:47.983Z] Validating nodejs source
[debug] [2022-03-22T20:51:52.841Z] > [functions] package.json contents: {
  "name": "functions",
  "description": "Cloud Functions for Firebase",
  "scripts": {
    "lint": "eslint .",
    "serve": "firebase emulators:start --only functions",
    "shell": "firebase functions:shell",
    "start": "npm run shell",
    "deploy": "firebase deploy --only functions",
    "logs": "firebase functions:log"
  },
  "engines": {
    "node": "16"
  },
  "main": "index.js",
  "dependencies": {
    "cors": "^2.8.5",
    "express": "^4.17.3",
    "firebase-admin": "^10.0.2",
    "firebase-functions": "^3.18.0",
    "stripe": "^8.210.0"
  },
  "devDependencies": {
    "eslint": "^8.9.0",
    "eslint-config-google": "^0.14.0",
    "firebase-functions-test": "^0.2.0"
  },
  "private": true
}
[debug] [2022-03-22T20:51:52.842Z] Building nodejs source
[debug] [2022-03-22T20:51:52.842Z] Analyzing nodejs backend spec
[info] +  functions[us-central1-api]: http function initialized (http://localhost:5001/clone-97111/us-central1/api). {"metadata":{"emulator":{"name":"functions"},"message":"\u001b[1mhttp\u001b[22m function initialized (http://localhost:5001/clone-97111/us-central1/api)."}}
[info] 
┌─────────────────────────────────────────────────────────────┐
│ ✔  All emulators ready! It is now safe to connect your app. │
│ i  View Emulator UI at http://localhost:4002                │
└─────────────────────────────────────────────────────────────┘

┌───────────┬────────────────┬─────────────────────────────────┐
│ Emulator  │ Host:Port      │ View in Emulator UI             │
├───────────┼────────────────┼─────────────────────────────────┤
│ Functions │ localhost:5001 │ http://localhost:4002/functions │
├───────────┼────────────────┼─────────────────────────────────┤
│ Hosting   │ localhost:5000 │ n/a                             │
└───────────┴────────────────┴─────────────────────────────────┘
  Emulator Hub running at localhost:4400
  Other reserved ports: 4500

Issues? Report them at https://github.com/firebase/firebase-tools/issues and attach the *-debug.log files.
 
[debug] [2022-03-22T20:54:48.364Z] File C:\Users\HP\Desktop\REACT PROJECT\amazon_clone\amazon-clone\functions\index.js changed, reloading triggers {"metadata":{"emulator":{"name":"functions"},"message":"File C:\\Users\\HP\\Desktop\\REACT PROJECT\\amazon_clone\\amazon-clone\\functions\\index.js changed, reloading triggers"}}
[debug] [2022-03-22T20:54:49.381Z] Validating nodejs source
[debug] [2022-03-22T20:54:55.799Z] > [functions] package.json contents: {
  "name": "functions",
  "description": "Cloud Functions for Firebase",
  "scripts": {
    "lint": "eslint .",
    "serve": "firebase emulators:start --only functions",
    "shell": "firebase functions:shell",
    "start": "npm run shell",
    "deploy": "firebase deploy --only functions",
    "logs": "firebase functions:log"
  },
  "engines": {
    "node": "16"
  },
  "main": "index.js",
  "dependencies": {
    "cors": "^2.8.5",
    "express": "^4.17.3",
    "firebase-admin": "^10.0.2",
    "firebase-functions": "^3.18.0",
    "stripe": "^8.210.0"
  },
  "devDependencies": {
    "eslint": "^8.9.0",
    "eslint-config-google": "^0.14.0",
    "firebase-functions-test": "^0.2.0"
  },
  "private": true
}
[debug] [2022-03-22T20:54:55.800Z] Building nodejs source
[debug] [2022-03-22T20:54:55.800Z] Analyzing nodejs backend spec
[debug] [2022-03-22T20:55:08.127Z] File C:\Users\HP\Desktop\REACT PROJECT\amazon_clone\amazon-clone\functions\index.js changed, reloading triggers {"metadata":{"emulator":{"name":"functions"},"message":"File C:\\Users\\HP\\Desktop\\REACT PROJECT\\amazon_clone\\amazon-clone\\functions\\index.js changed, reloading triggers"}}
[debug] [2022-03-22T20:55:09.151Z] Validating nodejs source
[debug] [2022-03-22T20:55:15.535Z] > [functions] package.json contents: {
  "name": "functions",
  "description": "Cloud Functions for Firebase",
  "scripts": {
    "lint": "eslint .",
    "serve": "firebase emulators:start --only functions",
    "shell": "firebase functions:shell",
    "start": "npm run shell",
    "deploy": "firebase deploy --only functions",
    "logs": "firebase functions:log"
  },
  "engines": {
    "node": "16"
  },
  "main": "index.js",
  "dependencies": {
    "cors": "^2.8.5",
    "express": "^4.17.3",
    "firebase-admin": "^10.0.2",
    "firebase-functions": "^3.18.0",
    "stripe": "^8.210.0"
  },
  "devDependencies": {
    "eslint": "^8.9.0",
    "eslint-config-google": "^0.14.0",
    "firebase-functions-test": "^0.2.0"
  },
  "private": true
}
[debug] [2022-03-22T20:55:15.535Z] Building nodejs source
[debug] [2022-03-22T20:55:15.536Z] Analyzing nodejs backend spec
[debug] [2022-03-22T20:56:00.564Z] File C:\Users\HP\Desktop\REACT PROJECT\amazon_clone\amazon-clone\functions\index.js changed, reloading triggers {"metadata":{"emulator":{"name":"functions"},"message":"File C:\\Users\\HP\\Desktop\\REACT PROJECT\\amazon_clone\\amazon-clone\\functions\\index.js changed, reloading triggers"}}
[debug] [2022-03-22T20:56:01.576Z] Validating nodejs source
[debug] [2022-03-22T20:56:08.048Z] > [functions] package.json contents: {
  "name": "functions",
  "description": "Cloud Functions for Firebase",
  "scripts": {
    "lint": "eslint .",
    "serve": "firebase emulators:start --only functions",
    "shell": "firebase functions:shell",
    "start": "npm run shell",
    "deploy": "firebase deploy --only functions",
    "logs": "firebase functions:log"
  },
  "engines": {
    "node": "16"
  },
  "main": "index.js",
  "dependencies": {
    "cors": "^2.8.5",
    "express": "^4.17.3",
    "firebase-admin": "^10.0.2",
    "firebase-functions": "^3.18.0",
    "stripe": "^8.210.0"
  },
  "devDependencies": {
    "eslint": "^8.9.0",
    "eslint-config-google": "^0.14.0",
    "firebase-functions-test": "^0.2.0"
  },
  "private": true
}
[debug] [2022-03-22T20:56:08.048Z] Building nodejs source
[debug] [2022-03-22T20:56:08.048Z] Analyzing nodejs backend spec
[debug] [2022-03-22T20:56:08.059Z] File C:\Users\HP\Desktop\REACT PROJECT\amazon_clone\amazon-clone\functions\index.js changed, reloading triggers {"metadata":{"emulator":{"name":"functions"},"message":"File C:\\Users\\HP\\Desktop\\REACT PROJECT\\amazon_clone\\amazon-clone\\functions\\index.js changed, reloading triggers"}}
[debug] [2022-03-22T20:56:09.078Z] Validating nodejs source
[debug] [2022-03-22T20:56:15.255Z] > [functions] package.json contents: {
  "name": "functions",
  "description": "Cloud Functions for Firebase",
  "scripts": {
    "lint": "eslint .",
    "serve": "firebase emulators:start --only functions",
    "shell": "firebase functions:shell",
    "start": "npm run shell",
    "deploy": "firebase deploy --only functions",
    "logs": "firebase functions:log"
  },
  "engines": {
    "node": "16"
  },
  "main": "index.js",
  "dependencies": {
    "cors": "^2.8.5",
    "express": "^4.17.3",
    "firebase-admin": "^10.0.2",
    "firebase-functions": "^3.18.0",
    "stripe": "^8.210.0"
  },
  "devDependencies": {
    "eslint": "^8.9.0",
    "eslint-config-google": "^0.14.0",
    "firebase-functions-test": "^0.2.0"
  },
  "private": true
}
[debug] [2022-03-22T20:56:15.256Z] Building nodejs source
[debug] [2022-03-22T20:56:15.256Z] Analyzing nodejs backend spec
[debug] [2022-03-22T20:56:15.270Z] File C:\Users\HP\Desktop\REACT PROJECT\amazon_clone\amazon-clone\functions\index.js changed, reloading triggers {"metadata":{"emulator":{"name":"functions"},"message":"File C:\\Users\\HP\\Desktop\\REACT PROJECT\\amazon_clone\\amazon-clone\\functions\\index.js changed, reloading triggers"}}
[debug] [2022-03-22T20:56:16.276Z] Validating nodejs source
[debug] [2022-03-22T20:56:22.005Z] > [functions] package.json contents: {
  "name": "functions",
  "description": "Cloud Functions for Firebase",
  "scripts": {
    "lint": "eslint .",
    "serve": "firebase emulators:start --only functions",
    "shell": "firebase functions:shell",
    "start": "npm run shell",
    "deploy": "firebase deploy --only functions",
    "logs": "firebase functions:log"
  },
  "engines": {
    "node": "16"
  },
  "main": "index.js",
  "dependencies": {
    "cors": "^2.8.5",
    "express": "^4.17.3",
    "firebase-admin": "^10.0.2",
    "firebase-functions": "^3.18.0",
    "stripe": "^8.210.0"
  },
  "devDependencies": {
    "eslint": "^8.9.0",
    "eslint-config-google": "^0.14.0",
    "firebase-functions-test": "^0.2.0"
  },
  "private": true
}
[debug] [2022-03-22T20:56:22.006Z] Building nodejs source
[debug] [2022-03-22T20:56:22.006Z] Analyzing nodejs backend spec
[debug] [2022-03-22T21:19:59.294Z] File C:\Users\HP\Desktop\REACT PROJECT\amazon_clone\amazon-clone\functions\index.js changed, reloading triggers {"metadata":{"emulator":{"name":"functions"},"message":"File C:\\Users\\HP\\Desktop\\REACT PROJECT\\amazon_clone\\amazon-clone\\functions\\index.js changed, reloading triggers"}}
[debug] [2022-03-22T21:20:00.310Z] Validating nodejs source
[debug] [2022-03-22T21:23:26.441Z] > [functions] package.json contents: {
  "name": "functions",
  "description": "Cloud Functions for Firebase",
  "scripts": {
    "lint": "eslint .",
    "serve": "firebase emulators:start --only functions",
    "shell": "firebase functions:shell",
    "start": "npm run shell",
    "deploy": "firebase deploy --only functions",
    "logs": "firebase functions:log"
  },
  "engines": {
    "node": "16"
  },
  "main": "index.js",
  "dependencies": {
    "cors": "^2.8.5",
    "express": "^4.17.3",
    "firebase-admin": "^10.0.2",
    "firebase-functions": "^3.18.0",
    "stripe": "^8.210.0"
  },
  "devDependencies": {
    "eslint": "^8.9.0",
    "eslint-config-google": "^0.14.0",
    "firebase-functions-test": "^0.2.0"
  },
  "private": true
}
[debug] [2022-03-22T21:23:26.441Z] Building nodejs source
[debug] [2022-03-22T21:23:26.441Z] Analyzing nodejs backend spec
